{"level":"ERROR","location":"[get_call:143] fyersModel","message":{"API":"/profile","Error":{"s":"error","code":500,"message":"Looks like you are passing an invalid entry"}},"timestamp":"2024-09-22 10:59:03,186+0530","service":"FyersAPI","taskName":"Task-4"}
{"level":"ERROR","location":"[get_call:143] fyersModel","message":{"API":"/profile","Error":{"s":"error","code":500,"message":"Looks like you are passing an invalid entry"}},"timestamp":"2024-12-09 09:09:44,764+0530","service":"FyersAPI","taskName":"Task-1"}
{"level":"ERROR","location":"[get_call:143] fyersModel","message":{"API":"/profile","Error":{"s":"error","code":500,"message":"Looks like you are passing an invalid entry"}},"timestamp":"2024-12-09 09:10:28,701+0530","service":"FyersAPI","taskName":"Task-1"}
{"level":"ERROR","location":"[get_call:143] fyersModel","message":{"API":"/profile","Error":{"s":"error","code":500,"message":"Looks like you are passing an invalid entry"}},"timestamp":"2024-12-09 09:22:25,292+0530","service":"FyersAPI","taskName":"Task-1"}
{"level":"ERROR","location":"[get_call:143] fyersModel","message":{"API":"/profile","Error":{"s":"error","code":500,"message":"Looks like you are passing an invalid entry"}},"timestamp":"2024-12-09 09:25:34,242+0530","service":"FyersAPI","taskName":"Task-1"}
{"level":"ERROR","location":"[get_call:143] fyersModel","message":{"API":"/profile","Error":{"s":"error","code":500,"message":"Looks like you are passing an invalid entry"}},"timestamp":"2024-12-09 09:32:05,644+0530","service":"FyersAPI","taskName":"Task-1"}
{"level":"ERROR","location":"[get_call:143] fyersModel","message":{"API":"/history","Error":{"code":-16,"message":"Could not authenticate the user","s":"error"}},"timestamp":"2024-12-09 09:32:09,253+0530","service":"FyersAPI","taskName":"Task-1"}
{"level":"ERROR","location":"[get_call:143] fyersModel","message":{"API":"/history","Error":{"code":-16,"message":"Could not authenticate the user","s":"error"}},"timestamp":"2024-12-09 09:32:10,393+0530","service":"FyersAPI","taskName":"Task-1"}
{"level":"ERROR","location":"[get_call:143] fyersModel","message":{"API":"/history","Error":{"code":-16,"message":"Could not authenticate the user","s":"error"}},"timestamp":"2024-12-09 09:32:18,268+0530","service":"FyersAPI","taskName":"Task-1"}
{"level":"ERROR","location":"[get_call:143] fyersModel","message":{"API":"/history","Error":{"code":-16,"message":"Could not authenticate the user","s":"error"}},"timestamp":"2024-12-09 09:32:19,455+0530","service":"FyersAPI","taskName":"Task-1"}
{"level":"ERROR","location":"[get_call:143] fyersModel","message":{"API":"/profile","Error":{"s":"error","code":500,"message":"Looks like you are passing an invalid entry"}},"timestamp":"2024-12-09 09:39:34,549+0530","service":"FyersAPI","taskName":"Task-1"}
{"level":"ERROR","location":"[get_call:143] fyersModel","message":{"API":"/profile","Error":{"s":"error","code":500,"message":"Looks like you are passing an invalid entry"}},"timestamp":"2024-12-09 09:41:03,556+0530","service":"FyersAPI","taskName":"Task-1"}
{"level":"ERROR","location":"[get_call:161] fyersModel","message":{"API":"/profile","error":"HTTPSConnectionPool(host='api-t1.fyers.in', port=443): Max retries exceeded with url: /api/v3/profile (Caused by NameResolutionError(\"<urllib3.connection.HTTPSConnection object at 0x0000023F24E86090>: Failed to resolve 'api-t1.fyers.in' ([Errno 11001] getaddrinfo failed)\"))"},"timestamp":"2024-12-09 09:41:50,743+0530","service":"FyersAPI","taskName":"Task-1"}
{"level":"ERROR","location":"[get_call:161] fyersModel","message":{"API":"/profile","error":"HTTPSConnectionPool(host='api-t1.fyers.in', port=443): Max retries exceeded with url: /api/v3/profile (Caused by NameResolutionError(\"<urllib3.connection.HTTPSConnection object at 0x000001A46978BAA0>: Failed to resolve 'api-t1.fyers.in' ([Errno 11001] getaddrinfo failed)\"))"},"timestamp":"2024-12-09 09:46:33,628+0530","service":"FyersAPI","taskName":"Task-1"}
{"level":"ERROR","location":"[get_call:143] fyersModel","message":{"API":"/profile","Error":{"s":"error","code":500,"message":"Looks like you are passing an invalid entry"}},"timestamp":"2024-12-09 09:48:07,976+0530","service":"FyersAPI","taskName":"Task-1"}
{"level":"ERROR","location":"[get_call:143] fyersModel","message":{"API":"/profile","Error":{"s":"error","code":500,"message":"Looks like you are passing an invalid entry"}},"timestamp":"2024-12-09 09:55:35,897+0530","service":"FyersAPI","taskName":"Task-1"}
{"level":"ERROR","location":"[get_call:143] fyersModel","message":{"API":"/profile","Error":{"s":"error","code":500,"message":"Looks like you are passing an invalid entry"}},"timestamp":"2024-12-09 09:57:28,810+0530","service":"FyersAPI","taskName":"Task-1"}
{"level":"ERROR","location":"[get_call:143] fyersModel","message":{"API":"/profile","Error":{"s":"error","code":500,"message":"Looks like you are passing an invalid entry"}},"timestamp":"2024-12-09 09:57:57,769+0530","service":"FyersAPI","taskName":"Task-1"}
{"level":"ERROR","location":"[get_call:143] fyersModel","message":{"API":"/profile","Error":{"s":"error","code":500,"message":"Looks like you are passing an invalid entry"}},"timestamp":"2024-12-09 09:58:33,738+0530","service":"FyersAPI","taskName":"Task-1"}
{"level":"ERROR","location":"[get_call:143] fyersModel","message":{"API":"/profile","Error":{"s":"error","code":500,"message":"Looks like you are passing an invalid entry"}},"timestamp":"2024-12-09 09:59:26,914+0530","service":"FyersAPI","taskName":"Task-1"}
{"level":"ERROR","location":"[get_call:143] fyersModel","message":{"API":"/profile","Error":{"s":"error","code":500,"message":"Looks like you are passing an invalid entry"}},"timestamp":"2024-12-09 09:59:32,920+0530","service":"FyersAPI","taskName":"Task-1"}
{"level":"ERROR","location":"[get_call:143] fyersModel","message":{"API":"/profile","Error":{"s":"error","code":500,"message":"Looks like you are passing an invalid entry"}},"timestamp":"2024-12-09 09:59:38,835+0530","service":"FyersAPI","taskName":"Task-1"}
{"level":"ERROR","location":"[get_call:143] fyersModel","message":{"API":"/profile","Error":{"s":"error","code":500,"message":"Looks like you are passing an invalid entry"}},"timestamp":"2024-12-09 09:59:44,820+0530","service":"FyersAPI","taskName":"Task-1"}
{"level":"ERROR","location":"[get_call:143] fyersModel","message":{"API":"/profile","Error":{"s":"error","code":500,"message":"Looks like you are passing an invalid entry"}},"timestamp":"2024-12-09 10:01:03,867+0530","service":"FyersAPI","taskName":"Task-1"}
{"level":"ERROR","location":"[get_call:143] fyersModel","message":{"API":"/profile","Error":{"s":"error","code":500,"message":"Looks like you are passing an invalid entry"}},"timestamp":"2024-12-09 10:06:00,345+0530","service":"FyersAPI","taskName":"Task-1"}
{"level":"ERROR","location":"[get_call:143] fyersModel","message":{"API":"/profile","Error":{"s":"error","code":500,"message":"Looks like you are passing an invalid entry"}},"timestamp":"2024-12-09 10:08:27,310+0530","service":"FyersAPI","taskName":"Task-1"}
{"level":"ERROR","location":"[get_call:143] fyersModel","message":{"API":"/profile","Error":{"s":"error","code":500,"message":"Looks like you are passing an invalid entry"}},"timestamp":"2024-12-09 10:09:06,159+0530","service":"FyersAPI","taskName":"Task-1"}
{"level":"ERROR","location":"[get_call:143] fyersModel","message":{"API":"/profile","Error":{"s":"error","code":500,"message":"Looks like you are passing an invalid entry"}},"timestamp":"2024-12-09 10:09:58,002+0530","service":"FyersAPI","taskName":"Task-1"}
{"level":"ERROR","location":"[get_call:143] fyersModel","message":{"API":"/history","Error":{"code":-300,"message":"Invalid symbol provided","s":"error"}},"timestamp":"2024-12-09 10:20:00,050+0530","service":"FyersAPI","taskName":"Task-1"}
{"level":"ERROR","location":"[get_call:143] fyersModel","message":{"API":"/history","Error":{"code":-300,"message":"Invalid symbol provided","s":"error"}},"timestamp":"2024-12-09 10:23:44,165+0530","service":"FyersAPI","taskName":"Task-1"}
{"level":"ERROR","location":"[get_call:143] fyersModel","message":{"API":"/history","Error":{"code":-300,"message":"Invalid symbol provided","s":"error"}},"timestamp":"2024-12-09 10:24:35,414+0530","service":"FyersAPI","taskName":"Task-1"}
{"level":"ERROR","location":"[get_call:143] fyersModel","message":{"API":"/history","Error":{"code":-300,"message":"Invalid symbol provided","s":"error"}},"timestamp":"2024-12-09 10:24:40,194+0530","service":"FyersAPI","taskName":"Task-1"}
{"level":"ERROR","location":"[get_call:143] fyersModel","message":{"API":"/history","Error":{"code":-300,"message":"Invalid symbol provided","s":"error"}},"timestamp":"2024-12-09 10:25:10,644+0530","service":"FyersAPI","taskName":"Task-1"}
{"level":"ERROR","location":"[get_call:143] fyersModel","message":{"API":"/history","Error":{"code":-300,"message":"Invalid symbol provided","s":"error"}},"timestamp":"2024-12-09 10:25:18,140+0530","service":"FyersAPI","taskName":"Task-1"}
{"level":"ERROR","location":"[get_call:143] fyersModel","message":{"API":"/history","Error":{"code":-300,"message":"Invalid symbol provided","s":"error"}},"timestamp":"2024-12-09 10:25:23,209+0530","service":"FyersAPI","taskName":"Task-1"}
{"level":"ERROR","location":"[get_call:143] fyersModel","message":{"API":"/history","Error":{"code":-300,"message":"Invalid symbol provided","s":"error"}},"timestamp":"2024-12-09 10:25:40,222+0530","service":"FyersAPI","taskName":"Task-1"}
{"level":"ERROR","location":"[get_call:143] fyersModel","message":{"API":"/history","Error":{"code":-300,"message":"Invalid symbol provided","s":"error"}},"timestamp":"2024-12-09 10:26:28,017+0530","service":"FyersAPI","taskName":"Task-1"}
{"level":"ERROR","location":"[get_call:143] fyersModel","message":{"API":"/history","Error":{"code":-300,"message":"Invalid symbol provided","s":"error"}},"timestamp":"2024-12-09 10:29:03,297+0530","service":"FyersAPI","taskName":"Task-1"}
{"level":"ERROR","location":"[get_call:143] fyersModel","message":{"API":"/history","Error":{"code":-300,"message":"Invalid symbol provided","s":"error"}},"timestamp":"2024-12-09 10:40:13,533+0530","service":"FyersAPI","taskName":"Task-1"}
{"level":"ERROR","location":"[get_call:143] fyersModel","message":{"API":"/history","Error":{"code":-300,"message":"Invalid symbol provided","s":"error"}},"timestamp":"2024-12-09 10:40:35,664+0530","service":"FyersAPI","taskName":"Task-1"}
{"level":"ERROR","location":"[get_call:143] fyersModel","message":{"API":"/history","Error":{"code":-300,"message":"Invalid symbol provided","s":"error"}},"timestamp":"2024-12-09 10:40:59,695+0530","service":"FyersAPI","taskName":"Task-1"}
{"level":"ERROR","location":"[get_call:143] fyersModel","message":{"API":"/history","Error":{"code":-300,"message":"Invalid symbol provided","s":"error"}},"timestamp":"2024-12-09 10:42:22,010+0530","service":"FyersAPI","taskName":"Task-1"}
{"level":"ERROR","location":"[get_call:143] fyersModel","message":{"API":"/history","Error":{"code":-300,"message":"Invalid symbol provided","s":"error"}},"timestamp":"2024-12-09 10:42:39,551+0530","service":"FyersAPI","taskName":"Task-1"}
{"level":"ERROR","location":"[get_call:143] fyersModel","message":{"API":"/history","Error":{"code":-300,"message":"Invalid symbol provided","s":"error"}},"timestamp":"2024-12-09 10:43:02,061+0530","service":"FyersAPI","taskName":"Task-1"}
{"level":"ERROR","location":"[get_call:143] fyersModel","message":{"API":"/history","Error":{"code":-300,"message":"Invalid symbol provided","s":"error"}},"timestamp":"2024-12-09 10:43:12,157+0530","service":"FyersAPI","taskName":"Task-1"}
{"level":"ERROR","location":"[get_call:143] fyersModel","message":{"API":"/history","Error":{"code":-300,"message":"Invalid symbol provided","s":"error"}},"timestamp":"2024-12-09 10:46:29,956+0530","service":"FyersAPI","taskName":"Task-1"}
{"level":"ERROR","location":"[get_call:143] fyersModel","message":{"API":"/history","Error":{"code":-300,"message":"Invalid symbol provided","s":"error"}},"timestamp":"2024-12-09 10:46:43,937+0530","service":"FyersAPI","taskName":"Task-1"}
{"level":"ERROR","location":"[get_call:143] fyersModel","message":{"API":"/history","Error":{"code":-300,"message":"Invalid symbol provided","s":"error"}},"timestamp":"2024-12-09 10:46:48,974+0530","service":"FyersAPI","taskName":"Task-1"}
{"level":"ERROR","location":"[get_call:143] fyersModel","message":{"API":"/history","Error":{"code":-300,"message":"Invalid symbol provided","s":"error"}},"timestamp":"2024-12-09 10:47:55,536+0530","service":"FyersAPI","taskName":"Task-1"}
{"level":"ERROR","location":"[get_call:143] fyersModel","message":{"API":"/history","Error":{"code":-300,"message":"Invalid symbol provided","s":"error"}},"timestamp":"2024-12-09 10:47:58,895+0530","service":"FyersAPI","taskName":"Task-1"}
{"level":"ERROR","location":"[get_call:143] fyersModel","message":{"API":"/history","Error":{"code":-300,"message":"Invalid symbol provided","s":"error"}},"timestamp":"2024-12-09 10:48:01,364+0530","service":"FyersAPI","taskName":"Task-1"}
{"level":"ERROR","location":"[get_call:143] fyersModel","message":{"API":"/history","Error":{"code":-300,"message":"Invalid symbol provided","s":"error"}},"timestamp":"2024-12-09 10:48:02,659+0530","service":"FyersAPI","taskName":"Task-1"}
{"level":"ERROR","location":"[get_call:143] fyersModel","message":{"API":"/history","Error":{"code":-300,"message":"Invalid symbol provided","s":"error"}},"timestamp":"2024-12-09 10:48:14,445+0530","service":"FyersAPI","taskName":"Task-1"}
{"level":"ERROR","location":"[get_call:143] fyersModel","message":{"API":"/history","Error":{"code":-300,"message":"Invalid symbol provided","s":"error"}},"timestamp":"2024-12-09 11:11:00,686+0530","service":"FyersAPI","taskName":"Task-1"}
{"level":"ERROR","location":"[get_call:143] fyersModel","message":{"API":"/history","Error":{"code":-300,"message":"Invalid symbol provided","s":"error"}},"timestamp":"2024-12-09 11:11:10,396+0530","service":"FyersAPI","taskName":"Task-1"}
{"level":"ERROR","location":"[get_call:143] fyersModel","message":{"API":"/history","Error":{"code":-300,"message":"Invalid symbol provided","s":"error"}},"timestamp":"2024-12-09 11:11:22,200+0530","service":"FyersAPI","taskName":"Task-1"}
{"level":"ERROR","location":"[get_call:143] fyersModel","message":{"API":"/history","Error":{"code":-300,"message":"Invalid symbol provided","s":"error"}},"timestamp":"2024-12-09 11:12:19,324+0530","service":"FyersAPI","taskName":"Task-1"}
{"level":"ERROR","location":"[get_call:143] fyersModel","message":{"API":"/history","Error":{"code":-300,"message":"Invalid symbol provided","s":"error"}},"timestamp":"2024-12-09 11:12:56,795+0530","service":"FyersAPI","taskName":"Task-1"}
{"level":"ERROR","location":"[get_call:143] fyersModel","message":{"API":"/history","Error":{"code":-300,"message":"Invalid symbol provided","s":"error"}},"timestamp":"2024-12-09 11:13:28,862+0530","service":"FyersAPI","taskName":"Task-1"}
